

Version:	3.9
CmdLine:	D:\Tin\Java\TinhDiemPhay\dist\TinhDiemTB.exe --l4j-debug
WOW64:		yes
Working dir:	D:\Tin\Java\TinhDiemPhay\dist\.
64-bit search:	SOFTWARE\JavaSoft\Java Runtime Environment...
Check:		SOFTWARE\JavaSoft\Java Runtime Environment\1.7
Check launcher:	C:\Program Files\Java\jre7\bin\javaw.exe (OK)
Match:		1.7
Check:		SOFTWARE\JavaSoft\Java Runtime Environment\1.7.0_51
Check launcher:	C:\Program Files\Java\jre7\bin\javaw.exe (OK)
Match:		1.7.0_051
Check:		SOFTWARE\JavaSoft\Java Runtime Environment\1.8
Check launcher:	C:\Program Files\Java\jre1.8.0_111\bin\javaw.exe (OK)
Match:		1.8
Check:		SOFTWARE\JavaSoft\Java Runtime Environment\1.8.0_111
Check launcher:	C:\Program Files\Java\jre1.8.0_111\bin\javaw.exe (OK)
Match:		1.8.0_111
64-bit search:	SOFTWARE\JavaSoft\Java Development Kit...
Check:		SOFTWARE\JavaSoft\Java Development Kit\1.8
Ignore:		1.8
Check:		SOFTWARE\JavaSoft\Java Development Kit\1.8.0_91
Ignore:		1.8.0_091
Runtime used:	1.8.0_111 (64-bit)
Launcher:	C:\Program Files\Java\jre1.8.0_111\bin\javaw.exe
Launcher args:	-jar "D:\Tin\Java\TinhDiemPhay\dist\TinhDiemTB.exe"
Args length:	51/32768 chars
Exit code:	0


Version:	3.9
CmdLine:	D:\Tin\Java\TinhDiemPhay\dist\TinhDiemTB.exe --l4j-debug
WOW64:		yes
Working dir:	D:\Tin\Java\TinhDiemPhay\dist\.
64-bit search:	SOFTWARE\JavaSoft\Java Runtime Environment...
Check:		SOFTWARE\JavaSoft\Java Runtime Environment\1.7
Check launcher:	C:\Program Files\Java\jre7\bin\javaw.exe (OK)
Match:		1.7
Check:		SOFTWARE\JavaSoft\Java Runtime Environment\1.7.0_51
Check launcher:	C:\Program Files\Java\jre7\bin\javaw.exe (OK)
Match:		1.7.0_051
Check:		SOFTWARE\JavaSoft\Java Runtime Environment\1.8
Check launcher:	C:\Program Files\Java\jre1.8.0_111\bin\javaw.exe (OK)
Match:		1.8
Check:		SOFTWARE\JavaSoft\Java Runtime Environment\1.8.0_111
Check launcher:	C:\Program Files\Java\jre1.8.0_111\bin\javaw.exe (OK)
Match:		1.8.0_111
64-bit search:	SOFTWARE\JavaSoft\Java Development Kit...
Check:		SOFTWARE\JavaSoft\Java Development Kit\1.8
Ignore:		1.8
Check:		SOFTWARE\JavaSoft\Java Development Kit\1.8.0_91
Ignore:		1.8.0_091
Runtime used:	1.8.0_111 (64-bit)
Launcher:	C:\Program Files\Java\jre1.8.0_111\bin\javaw.exe
Launcher args:	-jar "D:\Tin\Java\TinhDiemPhay\dist\TinhDiemTB.exe"
Args length:	51/32768 chars
Exit code:	0


Version:	3.9
CmdLine:	D:\Tin\Java\TinhDiemPhay\dist\TinhDiemTB.exe --l4j-debug
WOW64:		yes
Working dir:	D:\Tin\Java\TinhDiemPhay\dist\.
64-bit search:	SOFTWARE\JavaSoft\Java Runtime Environment...
Check:		SOFTWARE\JavaSoft\Java Runtime Environment\1.7
Check launcher:	C:\Program Files\Java\jre7\bin\javaw.exe (OK)
Match:		1.7
Check:		SOFTWARE\JavaSoft\Java Runtime Environment\1.7.0_51
Check launcher:	C:\Program Files\Java\jre7\bin\javaw.exe (OK)
Match:		1.7.0_051
Check:		SOFTWARE\JavaSoft\Java Runtime Environment\1.8
Check launcher:	C:\Program Files\Java\jre1.8.0_111\bin\javaw.exe (OK)
Match:		1.8
Check:		SOFTWARE\JavaSoft\Java Runtime Environment\1.8.0_111
Check launcher:	C:\Program Files\Java\jre1.8.0_111\bin\javaw.exe (OK)
Match:		1.8.0_111
64-bit search:	SOFTWARE\JavaSoft\Java Development Kit...
Check:		SOFTWARE\JavaSoft\Java Development Kit\1.8
Ignore:		1.8
Check:		SOFTWARE\JavaSoft\Java Development Kit\1.8.0_91
Ignore:		1.8.0_091
Runtime used:	1.8.0_111 (64-bit)
Launcher:	C:\Program Files\Java\jre1.8.0_111\bin\javaw.exe
Launcher args:	-jar "D:\Tin\Java\TinhDiemPhay\dist\TinhDiemTB.exe"
Args length:	51/32768 chars
Exit code:	0
